<?xml version="1.0" encoding="UTF-8"?>
<testng-results ignored="0" total="1" passed="1" failed="0" skipped="0">
  <reporter-output>
  </reporter-output>
  <suite started-at="2024-05-21T16:11:57 IST" name="Default suite" finished-at="2024-05-21T16:12:21 IST" duration-ms="23618">
    <groups>
    </groups>
    <test started-at="2024-05-21T16:11:57 IST" name="Default test" finished-at="2024-05-21T16:12:21 IST" duration-ms="23618">
      <class name="uk.co.automationtesting.OrderCompleteTest">
        <test-method is-config="true" signature="setup()[pri:0, instance:uk.co.automationtesting.OrderCompleteTest@2034b64c]" started-at="2024-05-21T16:11:57 IST" name="setup" finished-at="2024-05-21T16:12:00 IST" duration-ms="2429" status="PASS">
          <reporter-output>
          </reporter-output>
        </test-method> <!-- setup -->
        <test-method signature="endToEndTest()[pri:0, instance:uk.co.automationtesting.OrderCompleteTest@2034b64c]" started-at="2024-05-21T16:12:00 IST" name="endToEndTest" finished-at="2024-05-21T16:12:21 IST" duration-ms="20994" status="PASS">
          <reporter-output>
          </reporter-output>
        </test-method> <!-- endToEndTest -->
        <test-method is-config="true" signature="tearDown()[pri:0, instance:uk.co.automationtesting.OrderCompleteTest@2034b64c]" started-at="2024-05-21T16:12:21 IST" name="tearDown" finished-at="2024-05-21T16:12:21 IST" duration-ms="137" status="PASS">
          <reporter-output>
          </reporter-output>
        </test-method> <!-- tearDown -->
      </class> <!-- uk.co.automationtesting.OrderCompleteTest -->
    </test> <!-- Default test -->
  </suite> <!-- Default suite -->
</testng-results>
